#
# There is insufficient memory for the Java Runtime Environment to continue.
# Native memory allocation (malloc) failed to allocate 32744 bytes for ChunkPool::allocate
# Possible reasons:
#   The system is out of physical RAM or swap space
#   The process is running with CompressedOops enabled, and the Java Heap may be blocking the growth of the native heap
# Possible solutions:
#   Reduce memory load on the system
#   Increase physical memory or swap space
#   Check if swap backing store is full
#   Decrease Java heap size (-Xmx/-Xms)
#   Decrease number of Java threads
#   Decrease Java thread stack sizes (-Xss)
#   Set larger code cache with -XX:ReservedCodeCacheSize=
#   JVM is running with Unscaled Compressed Oops mode in which the Java heap is
#     placed in the first 4GB address space. The Java Heap base address is the
#     maximum limit for the native heap growth. Please use -XX:HeapBaseMinAddress
#     to set the Java Heap base and to place the Java Heap above 4GB virtual address.
# This output file may be truncated or incomplete.
#
#  Out of Memory Error (allocation.cpp:272), pid=6960, tid=0x00000000000001ec
#
# JRE version: Java(TM) SE Runtime Environment (8.0_301-b09) (build 1.8.0_301-b09)
# Java VM: Java HotSpot(TM) 64-Bit Server VM (25.301-b09 mixed mode windows-amd64 compressed oops)
# Failed to write core dump. Minidumps are not enabled by default on client versions of Windows
#

---------------  T H R E A D  ---------------

Current thread (0x000001ebd4565000):  JavaThread "C1 CompilerThread2" daemon [_thread_in_native, id=492, stack(0x000000ea16f00000,0x000000ea17000000)]

Stack: [0x000000ea16f00000,0x000000ea17000000]
Native frames: (J=compiled Java code, j=interpreted, Vv=VM code, C=native code)
V  [jvm.dll+0x32ed79]
V  [jvm.dll+0x275722]
V  [jvm.dll+0x2763cd]
V  [jvm.dll+0x26ce05]
V  [jvm.dll+0xd59bd]
V  [jvm.dll+0xd5d1c]
V  [jvm.dll+0x26aed7]
V  [jvm.dll+0x26a395]
V  [jvm.dll+0x3fc4d7]
V  [jvm.dll+0x3fd3ab]
V  [jvm.dll+0x3e0e3f]
V  [jvm.dll+0x3e06ad]
V  [jvm.dll+0x3e088e]
V  [jvm.dll+0x3dffe1]
V  [jvm.dll+0x3e1a1f]
V  [jvm.dll+0xac1bb]
V  [jvm.dll+0xaa81b]
V  [jvm.dll+0x23ddc2]
V  [jvm.dll+0x2923dc]
C  [ucrtbase.dll+0x21bb2]
C  [KERNEL32.DLL+0x17034]
C  [ntdll.dll+0x52651]


Current CompileTask:
C1: 199324 4642       1       org.eclipse.jdt.internal.compiler.parser.Parser::consumeRule (7272 bytes)


---------------  P R O C E S S  ---------------

Java Threads: ( => current thread )
  0x000001ebd9959800 JavaThread "DestroyJavaVM" [_thread_blocked, id=10488, stack(0x000000ea16300000,0x000000ea16400000)]
  0x000001ebd995b000 JavaThread "http-nio-9001-Acceptor" daemon [_thread_in_native, id=3460, stack(0x000000ea18c00000,0x000000ea18d00000)]
  0x000001ebd995e000 JavaThread "http-nio-9001-Poller" daemon [_thread_in_native, id=1084, stack(0x000000ea18b00000,0x000000ea18c00000)]
  0x000001ebd995c000 JavaThread "http-nio-9001-exec-10" daemon [_thread_blocked, id=8436, stack(0x000000ea18a00000,0x000000ea18b00000)]
  0x000001ebd9957800 JavaThread "http-nio-9001-exec-9" daemon [_thread_blocked, id=6388, stack(0x000000ea18900000,0x000000ea18a00000)]
  0x000001ebd54e0000 JavaThread "http-nio-9001-exec-8" daemon [_thread_blocked, id=6820, stack(0x000000ea18800000,0x000000ea18900000)]
  0x000001ebd54de800 JavaThread "http-nio-9001-exec-7" daemon [_thread_blocked, id=6964, stack(0x000000ea18700000,0x000000ea18800000)]
  0x000001ebd54e3000 JavaThread "http-nio-9001-exec-6" daemon [_thread_blocked, id=8512, stack(0x000000ea18600000,0x000000ea18700000)]
  0x000001ebd54dd800 JavaThread "http-nio-9001-exec-5" daemon [_thread_blocked, id=6308, stack(0x000000ea18500000,0x000000ea18600000)]
  0x000001ebd54df000 JavaThread "http-nio-9001-exec-4" daemon [_thread_blocked, id=9460, stack(0x000000ea18400000,0x000000ea18500000)]
  0x000001ebd54e2000 JavaThread "http-nio-9001-exec-3" daemon [_thread_blocked, id=10104, stack(0x000000ea18300000,0x000000ea18400000)]
  0x000001ebd54dd000 JavaThread "http-nio-9001-exec-2" daemon [_thread_in_native, id=10396, stack(0x000000ea18200000,0x000000ea18300000)]
  0x000001ebd54e1800 JavaThread "http-nio-9001-exec-1" daemon [_thread_blocked, id=8812, stack(0x000000ea18100000,0x000000ea18200000)]
  0x000001ebd54dc000 JavaThread "HikariPool-1 housekeeper" daemon [_thread_blocked, id=7504, stack(0x000000ea17f00000,0x000000ea18000000)]
  0x000001ebd7279800 JavaThread "mysql-cj-abandoned-connection-cleanup" daemon [_thread_blocked, id=1236, stack(0x000000ea17d00000,0x000000ea17e00000)]
  0x000001ebd7247800 JavaThread "container-0" [_thread_blocked, id=9596, stack(0x000000ea17c00000,0x000000ea17d00000)]
  0x000001ebd7260000 JavaThread "Catalina-utility-2" [_thread_blocked, id=1604, stack(0x000000ea17b00000,0x000000ea17c00000)]
  0x000001ebd7246000 JavaThread "Catalina-utility-1" [_thread_blocked, id=6468, stack(0x000000ea17a00000,0x000000ea17b00000)]
  0x000001ebd5b56800 JavaThread "JMX server connection timeout 17" daemon [_thread_blocked, id=8944, stack(0x000000ea17900000,0x000000ea17a00000)]
  0x000001ebd5b1f800 JavaThread "RMI TCP Connection(idle)" daemon [_thread_blocked, id=6024, stack(0x000000ea17800000,0x000000ea17900000)]
  0x000001ebd5b11800 JavaThread "RMI Scheduler(0)" daemon [_thread_blocked, id=6968, stack(0x000000ea17700000,0x000000ea17800000)]
  0x000001ebd59ed800 JavaThread "RMI TCP Accept-0" daemon [_thread_in_native, id=8172, stack(0x000000ea17400000,0x000000ea17500000)]
  0x000001ebd59ec800 JavaThread "RMI TCP Accept-50335" daemon [_thread_in_native, id=9724, stack(0x000000ea17300000,0x000000ea17400000)]
  0x000001ebd59a4000 JavaThread "RMI TCP Accept-0" daemon [_thread_in_native, id=6856, stack(0x000000ea17200000,0x000000ea17300000)]
  0x000001ebd45ef800 JavaThread "Service Thread" daemon [_thread_blocked, id=8176, stack(0x000000ea17000000,0x000000ea17100000)]
=>0x000001ebd4565000 JavaThread "C1 CompilerThread2" daemon [_thread_in_native, id=492, stack(0x000000ea16f00000,0x000000ea17000000)]
  0x000001ebd4560000 JavaThread "C2 CompilerThread1" daemon [_thread_blocked, id=9108, stack(0x000000ea16e00000,0x000000ea16f00000)]
  0x000001ebd4559800 JavaThread "C2 CompilerThread0" daemon [_thread_blocked, id=10988, stack(0x000000ea16d00000,0x000000ea16e00000)]
  0x000001ebd4555800 JavaThread "Attach Listener" daemon [_thread_blocked, id=9876, stack(0x000000ea16c00000,0x000000ea16d00000)]
  0x000001ebd4553800 JavaThread "Signal Dispatcher" daemon [_thread_blocked, id=10972, stack(0x000000ea16b00000,0x000000ea16c00000)]
  0x000001ebd452d800 JavaThread "Finalizer" daemon [_thread_blocked, id=10880, stack(0x000000ea16a00000,0x000000ea16b00000)]
  0x000001ebd3dfd800 JavaThread "Reference Handler" daemon [_thread_blocked, id=3936, stack(0x000000ea16900000,0x000000ea16a00000)]

Other Threads:
  0x000001ebd4503800 VMThread [stack: 0x000000ea16800000,0x000000ea16900000] [id=5020]
  0x000001ebd59ef000 WatcherThread [stack: 0x000000ea17500000,0x000000ea17600000] [id=1296]

VM state:not at safepoint (normal execution)

VM Mutex/Monitor currently owned by a thread: None

heap address: 0x00000000c2000000, size: 992 MB, Compressed Oops mode: 32-bit
Narrow klass base: 0x0000000000000000, Narrow klass shift: 3
Compressed class space size: 1073741824 Address: 0x0000000100000000

Heap:
 PSYoungGen      total 170496K, used 14286K [0x00000000eb580000, 0x00000000f7480000, 0x0000000100000000)
  eden space 156672K, 9% used [0x00000000eb580000,0x00000000ec373868,0x00000000f4e80000)
  from space 13824K, 0% used [0x00000000f4e80000,0x00000000f4e80000,0x00000000f5c00000)
  to   space 11264K, 0% used [0x00000000f5c00000,0x00000000f5c00000,0x00000000f6700000)
 ParOldGen       total 65024K, used 25728K [0x00000000c2000000, 0x00000000c5f80000, 0x00000000eb580000)
  object space 65024K, 39% used [0x00000000c2000000,0x00000000c3920230,0x00000000c5f80000)
 Metaspace       used 57453K, capacity 60930K, committed 61184K, reserved 1101824K
  class space    used 7737K, capacity 8337K, committed 8448K, reserved 1048576K

Card table byte_map: [0x000001ebd10a0000,0x000001ebd12a0000] byte_map_base: 0x000001ebd0a90000

Marking Bits: (ParMarkBitMap*) 0x000000005e8b7fe0
 Begin Bits: [0x000001ebd13f0000, 0x000001ebd2370000)
 End Bits:   [0x000001ebd2370000, 0x000001ebd32f0000)

Polling page: 0x000001ebc1cb0000

CodeCache: size=245760Kb used=8839Kb max_used=8907Kb free=236920Kb
 bounds [0x000001ebc1ce0000, 0x000001ebc25a0000, 0x000001ebd0ce0000]
 total_blobs=5178 nmethods=4587 adapters=503
 compilation: enabled

Compilation events (10 events):
Event: 198.704 Thread 0x000001ebd4565000 nmethod 4637 0x000001ebc1e00810 code [0x000001ebc1e00960, 0x000001ebc1e00b78]
Event: 198.704 Thread 0x000001ebd4565000 4638       1       java.lang.reflect.Field::setFieldAccessor (34 bytes)
Event: 198.705 Thread 0x000001ebd4565000 nmethod 4638 0x000001ebc1f27f10 code [0x000001ebc1f28080, 0x000001ebc1f28270]
Event: 198.808 Thread 0x000001ebd4565000 4639       1       org.eclipse.jdt.internal.compiler.parser.Parser::tAction (35 bytes)
Event: 198.808 Thread 0x000001ebd4565000 nmethod 4639 0x000001ebc1f28790 code [0x000001ebc1f28900, 0x000001ebc1f28a98]
Event: 198.809 Thread 0x000001ebd4565000 4640       1       org.eclipse.jdt.internal.compiler.parser.Parser::actFromTokenOrSynthetic (9 bytes)
Event: 198.809 Thread 0x000001ebd4565000 nmethod 4640 0x000001ebc1f374d0 code [0x000001ebc1f37640, 0x000001ebc1f377f8]
Event: 198.810 Thread 0x000001ebd4565000 4641       1       org.eclipse.jdt.internal.compiler.parser.Parser::ntAction (8 bytes)
Event: 198.810 Thread 0x000001ebd4565000 nmethod 4641 0x000001ebc2041490 code [0x000001ebc20415e0, 0x000001ebc2041718]
Event: 198.810 Thread 0x000001ebd4565000 4642       1       org.eclipse.jdt.internal.compiler.parser.Parser::consumeRule (7272 bytes)

GC Heap History (10 events):
Event: 4.661 GC heap before
{Heap before GC invocations=10 (full 1):
 PSYoungGen      total 118272K, used 110651K [0x00000000eb580000, 0x00000000f3e80000, 0x0000000100000000)
  eden space 111616K, 93% used [0x00000000eb580000,0x00000000f1b15950,0x00000000f2280000)
  from space 6656K, 99% used [0x00000000f3800000,0x00000000f3e793f8,0x00000000f3e80000)
  to   space 8192K, 0% used [0x00000000f2e80000,0x00000000f2e80000,0x00000000f3680000)
 ParOldGen       total 30720K, used 9499K [0x00000000c2000000, 0x00000000c3e00000, 0x00000000eb580000)
  object space 30720K, 30% used [0x00000000c2000000,0x00000000c2946e38,0x00000000c3e00000)
 Metaspace       used 33216K, capacity 35398K, committed 35496K, reserved 1079296K
  class space    used 4443K, capacity 4847K, committed 4864K, reserved 1048576K
Event: 4.676 GC heap after
Heap after GC invocations=10 (full 1):
 PSYoungGen      total 132096K, used 8178K [0x00000000eb580000, 0x00000000f6700000, 0x0000000100000000)
  eden space 123904K, 0% used [0x00000000eb580000,0x00000000eb580000,0x00000000f2e80000)
  from space 8192K, 99% used [0x00000000f2e80000,0x00000000f367c8c0,0x00000000f3680000)
  to   space 11264K, 0% used [0x00000000f5c00000,0x00000000f5c00000,0x00000000f6700000)
 ParOldGen       total 30720K, used 14204K [0x00000000c2000000, 0x00000000c3e00000, 0x00000000eb580000)
  object space 30720K, 46% used [0x00000000c2000000,0x00000000c2ddf1b8,0x00000000c3e00000)
 Metaspace       used 33216K, capacity 35398K, committed 35496K, reserved 1079296K
  class space    used 4443K, capacity 4847K, committed 4864K, reserved 1048576K
}
Event: 4.676 GC heap before
{Heap before GC invocations=11 (full 2):
 PSYoungGen      total 132096K, used 8178K [0x00000000eb580000, 0x00000000f6700000, 0x0000000100000000)
  eden space 123904K, 0% used [0x00000000eb580000,0x00000000eb580000,0x00000000f2e80000)
  from space 8192K, 99% used [0x00000000f2e80000,0x00000000f367c8c0,0x00000000f3680000)
  to   space 11264K, 0% used [0x00000000f5c00000,0x00000000f5c00000,0x00000000f6700000)
 ParOldGen       total 30720K, used 14204K [0x00000000c2000000, 0x00000000c3e00000, 0x00000000eb580000)
  object space 30720K, 46% used [0x00000000c2000000,0x00000000c2ddf1b8,0x00000000c3e00000)
 Metaspace       used 33216K, capacity 35398K, committed 35496K, reserved 1079296K
  class space    used 4443K, capacity 4847K, committed 4864K, reserved 1048576K
Event: 4.753 GC heap after
Heap after GC invocations=11 (full 2):
 PSYoungGen      total 132096K, used 0K [0x00000000eb580000, 0x00000000f6700000, 0x0000000100000000)
  eden space 123904K, 0% used [0x00000000eb580000,0x00000000eb580000,0x00000000f2e80000)
  from space 8192K, 0% used [0x00000000f2e80000,0x00000000f2e80000,0x00000000f3680000)
  to   space 11264K, 0% used [0x00000000f5c00000,0x00000000f5c00000,0x00000000f6700000)
 ParOldGen       total 50176K, used 18263K [0x00000000c2000000, 0x00000000c5100000, 0x00000000eb580000)
  object space 50176K, 36% used [0x00000000c2000000,0x00000000c31d5e40,0x00000000c5100000)
 Metaspace       used 33216K, capacity 35398K, committed 35496K, reserved 1079296K
  class space    used 4443K, capacity 4847K, committed 4864K, reserved 1048576K
}
Event: 6.445 GC heap before
{Heap before GC invocations=12 (full 2):
 PSYoungGen      total 132096K, used 123904K [0x00000000eb580000, 0x00000000f6700000, 0x0000000100000000)
  eden space 123904K, 100% used [0x00000000eb580000,0x00000000f2e80000,0x00000000f2e80000)
  from space 8192K, 0% used [0x00000000f2e80000,0x00000000f2e80000,0x00000000f3680000)
  to   space 11264K, 0% used [0x00000000f5c00000,0x00000000f5c00000,0x00000000f6700000)
 ParOldGen       total 50176K, used 18263K [0x00000000c2000000, 0x00000000c5100000, 0x00000000eb580000)
  object space 50176K, 36% used [0x00000000c2000000,0x00000000c31d5e40,0x00000000c5100000)
 Metaspace       used 47640K, capacity 50316K, committed 50432K, reserved 1093632K
  class space    used 6654K, capacity 7141K, committed 7168K, reserved 1048576K
Event: 6.465 GC heap after
Heap after GC invocations=12 (full 2):
 PSYoungGen      total 167936K, used 11263K [0x00000000eb580000, 0x00000000f7480000, 0x0000000100000000)
  eden space 156672K, 0% used [0x00000000eb580000,0x00000000eb580000,0x00000000f4e80000)
  from space 11264K, 99% used [0x00000000f5c00000,0x00000000f66ffe00,0x00000000f6700000)
  to   space 13824K, 0% used [0x00000000f4e80000,0x00000000f4e80000,0x00000000f5c00000)
 ParOldGen       total 50176K, used 21667K [0x00000000c2000000, 0x00000000c5100000, 0x00000000eb580000)
  object space 50176K, 43% used [0x00000000c2000000,0x00000000c3528ef0,0x00000000c5100000)
 Metaspace       used 47640K, capacity 50316K, committed 50432K, reserved 1093632K
  class space    used 6654K, capacity 7141K, committed 7168K, reserved 1048576K
}
Event: 198.437 GC heap before
{Heap before GC invocations=13 (full 2):
 PSYoungGen      total 167936K, used 110867K [0x00000000eb580000, 0x00000000f7480000, 0x0000000100000000)
  eden space 156672K, 63% used [0x00000000eb580000,0x00000000f16c5010,0x00000000f4e80000)
  from space 11264K, 99% used [0x00000000f5c00000,0x00000000f66ffe00,0x00000000f6700000)
  to   space 13824K, 0% used [0x00000000f4e80000,0x00000000f4e80000,0x00000000f5c00000)
 ParOldGen       total 50176K, used 21667K [0x00000000c2000000, 0x00000000c5100000, 0x00000000eb580000)
  object space 50176K, 43% used [0x00000000c2000000,0x00000000c3528ef0,0x00000000c5100000)
 Metaspace       used 55631K, capacity 59106K, committed 59136K, reserved 1099776K
  class space    used 7572K, capacity 8177K, committed 8192K, reserved 1048576K
Event: 198.465 GC heap after
Heap after GC invocations=13 (full 2):
 PSYoungGen      total 170496K, used 9997K [0x00000000eb580000, 0x00000000f7480000, 0x0000000100000000)
  eden space 156672K, 0% used [0x00000000eb580000,0x00000000eb580000,0x00000000f4e80000)
  from space 13824K, 72% used [0x00000000f4e80000,0x00000000f58435c0,0x00000000f5c00000)
  to   space 11264K, 0% used [0x00000000f5c00000,0x00000000f5c00000,0x00000000f6700000)
 ParOldGen       total 50176K, used 25604K [0x00000000c2000000, 0x00000000c5100000, 0x00000000eb580000)
  object space 50176K, 51% used [0x00000000c2000000,0x00000000c3901030,0x00000000c5100000)
 Metaspace       used 55631K, capacity 59106K, committed 59136K, reserved 1099776K
  class space    used 7572K, capacity 8177K, committed 8192K, reserved 1048576K
}
Event: 198.465 GC heap before
{Heap before GC invocations=14 (full 3):
 PSYoungGen      total 170496K, used 9997K [0x00000000eb580000, 0x00000000f7480000, 0x0000000100000000)
  eden space 156672K, 0% used [0x00000000eb580000,0x00000000eb580000,0x00000000f4e80000)
  from space 13824K, 72% used [0x00000000f4e80000,0x00000000f58435c0,0x00000000f5c00000)
  to   space 11264K, 0% used [0x00000000f5c00000,0x00000000f5c00000,0x00000000f6700000)
 ParOldGen       total 50176K, used 25604K [0x00000000c2000000, 0x00000000c5100000, 0x00000000eb580000)
  object space 50176K, 51% used [0x00000000c2000000,0x00000000c3901030,0x00000000c5100000)
 Metaspace       used 55631K, capacity 59106K, committed 59136K, reserved 1099776K
  class space    used 7572K, capacity 8177K, committed 8192K, reserved 1048576K
Event: 198.664 GC heap after
Heap after GC invocations=14 (full 3):
 PSYoungGen      total 170496K, used 0K [0x00000000eb580000, 0x00000000f7480000, 0x0000000100000000)
  eden space 156672K, 0% used [0x00000000eb580000,0x00000000eb580000,0x00000000f4e80000)
  from space 13824K, 0% used [0x00000000f4e80000,0x00000000f4e80000,0x00000000f5c00000)
  to   space 11264K, 0% used [0x00000000f5c00000,0x00000000f5c00000,0x00000000f6700000)
 ParOldGen       total 65024K, used 25728K [0x00000000c2000000, 0x00000000c5f80000, 0x00000000eb580000)
  object space 65024K, 39% used [0x00000000c2000000,0x00000000c3920230,0x00000000c5f80000)
 Metaspace       used 55631K, capacity 59106K, committed 59136K, reserved 1099776K
  class space    used 7572K, capacity 8177K, committed 8192K, reserved 1048576K
}

Deoptimization events (0 events):
No events

Classes redefined (0 events):
No events

Internal exceptions (10 events):
Event: 7.042 Thread 0x000001ebc03b1800 Exception <a 'java/lang/ClassNotFoundException': com/flight_app/entities/ReservationCustomizer> (0x00000000ee9a5e28) thrown at [C:\jenkins\workspace\8-2-build-windows-amd64-cygwin\jdk8u301\1513\hotspot\src\share\vm\classfile\systemDictionary.cpp, line 212
Event: 7.156 Thread 0x000001ebc03b1800 Exception <a 'java/lang/ArrayIndexOutOfBoundsException'> (0x00000000ef3c5ee0) thrown at [C:\jenkins\workspace\8-2-build-windows-amd64-cygwin\jdk8u301\1513\hotspot\src\share\vm\runtime\sharedRuntime.cpp, line 609]
Event: 7.156 Thread 0x000001ebc03b1800 Exception <a 'java/lang/ArrayIndexOutOfBoundsException'> (0x00000000ef3d08a0) thrown at [C:\jenkins\workspace\8-2-build-windows-amd64-cygwin\jdk8u301\1513\hotspot\src\share\vm\runtime\sharedRuntime.cpp, line 609]
Event: 7.156 Thread 0x000001ebc03b1800 Exception <a 'java/lang/ArrayIndexOutOfBoundsException'> (0x00000000ef3d2ce0) thrown at [C:\jenkins\workspace\8-2-build-windows-amd64-cygwin\jdk8u301\1513\hotspot\src\share\vm\runtime\sharedRuntime.cpp, line 609]
Event: 7.156 Thread 0x000001ebc03b1800 Exception <a 'java/lang/ArrayIndexOutOfBoundsException'> (0x00000000ef3d5140) thrown at [C:\jenkins\workspace\8-2-build-windows-amd64-cygwin\jdk8u301\1513\hotspot\src\share\vm\runtime\sharedRuntime.cpp, line 609]
Event: 7.157 Thread 0x000001ebc03b1800 Exception <a 'java/lang/ArrayIndexOutOfBoundsException'> (0x00000000ef3d6a08) thrown at [C:\jenkins\workspace\8-2-build-windows-amd64-cygwin\jdk8u301\1513\hotspot\src\share\vm\runtime\sharedRuntime.cpp, line 609]
Event: 7.166 Thread 0x000001ebc03b1800 Exception <a 'java/lang/ArrayIndexOutOfBoundsException'> (0x00000000ef43b8a0) thrown at [C:\jenkins\workspace\8-2-build-windows-amd64-cygwin\jdk8u301\1513\hotspot\src\share\vm\runtime\sharedRuntime.cpp, line 609]
Event: 7.167 Thread 0x000001ebc03b1800 Exception <a 'java/lang/ArrayIndexOutOfBoundsException'> (0x00000000ef43dba8) thrown at [C:\jenkins\workspace\8-2-build-windows-amd64-cygwin\jdk8u301\1513\hotspot\src\share\vm\runtime\sharedRuntime.cpp, line 609]
Event: 7.168 Thread 0x000001ebc03b1800 Exception <a 'java/lang/ArrayIndexOutOfBoundsException'> (0x00000000ef453c68) thrown at [C:\jenkins\workspace\8-2-build-windows-amd64-cygwin\jdk8u301\1513\hotspot\src\share\vm\runtime\sharedRuntime.cpp, line 609]
Event: 198.813 Thread 0x000001ebd54dd000 Exception <a 'java/lang/ArrayIndexOutOfBoundsException': 6166> (0x00000000eb84d198) thrown at [C:\jenkins\workspace\8-2-build-windows-amd64-cygwin\jdk8u301\1513\hotspot\src\share\vm\interpreter\interpreterRuntime.cpp, line 371]

Events (10 events):
Event: 198.841 loading class org/eclipse/jdt/internal/compiler/lookup/LocalVariableBinding
Event: 198.841 loading class org/eclipse/jdt/internal/compiler/lookup/LocalVariableBinding done
Event: 198.842 loading class org/eclipse/jdt/internal/compiler/util/HashtableOfType
Event: 198.842 loading class org/eclipse/jdt/internal/compiler/util/HashtableOfType done
Event: 198.843 loading class org/eclipse/jdt/internal/compiler/lookup/ImportBinding
Event: 198.843 loading class org/eclipse/jdt/internal/compiler/lookup/ImportBinding done
Event: 198.855 loading class org/eclipse/jdt/internal/compiler/impl/Constant
Event: 198.855 loading class org/eclipse/jdt/internal/compiler/impl/Constant done
Event: 198.857 loading class org/eclipse/jdt/internal/compiler/impl/DoubleConstant
Event: 198.857 loading class org/eclipse/jdt/internal/compiler/impl/DoubleConstant done


Dynamic libraries:
0x00007ff6c29d0000 - 0x00007ff6c2a17000 	C:\Program Files\Java\jdk1.8.0_301\bin\javaw.exe
0x00007ffc9a390000 - 0x00007ffc9a585000 	C:\WINDOWS\SYSTEM32\ntdll.dll
0x00007ffc992a0000 - 0x00007ffc9935e000 	C:\WINDOWS\System32\KERNEL32.DLL
0x00007ffc97f00000 - 0x00007ffc981c8000 	C:\WINDOWS\System32\KERNELBASE.dll
0x00007ffc985d0000 - 0x00007ffc9867e000 	C:\WINDOWS\System32\ADVAPI32.dll
0x00007ffc99360000 - 0x00007ffc993fe000 	C:\WINDOWS\System32\msvcrt.dll
0x00007ffc98cb0000 - 0x00007ffc98d4c000 	C:\WINDOWS\System32\sechost.dll
0x00007ffc98f80000 - 0x00007ffc990a5000 	C:\WINDOWS\System32\RPCRT4.dll
0x00007ffc986a0000 - 0x00007ffc98840000 	C:\WINDOWS\System32\USER32.dll
0x00007ffc983c0000 - 0x00007ffc983e2000 	C:\WINDOWS\System32\win32u.dll
0x00007ffc99ef0000 - 0x00007ffc99f1a000 	C:\WINDOWS\System32\GDI32.dll
0x00007ffc981d0000 - 0x00007ffc982db000 	C:\WINDOWS\System32\gdi32full.dll
0x00007ffc97ab0000 - 0x00007ffc97b4d000 	C:\WINDOWS\System32\msvcp_win.dll
0x00007ffc97d70000 - 0x00007ffc97e70000 	C:\WINDOWS\System32\ucrtbase.dll
0x00007ffc8cfb0000 - 0x00007ffc8d24a000 	C:\WINDOWS\WinSxS\amd64_microsoft.windows.common-controls_6595b64144ccf1df_6.0.19041.1110_none_60b5254171f9507e\COMCTL32.dll
0x00007ffc99c10000 - 0x00007ffc99c40000 	C:\WINDOWS\System32\IMM32.DLL
0x00007ffc91630000 - 0x00007ffc91645000 	C:\Program Files\Java\jdk1.8.0_301\jre\bin\vcruntime140.dll
0x00007ffc7d5a0000 - 0x00007ffc7d63b000 	C:\Program Files\Java\jdk1.8.0_301\jre\bin\msvcp140.dll
0x000000005e0d0000 - 0x000000005e930000 	C:\Program Files\Java\jdk1.8.0_301\jre\bin\server\jvm.dll
0x00007ffc99e80000 - 0x00007ffc99e88000 	C:\WINDOWS\System32\PSAPI.DLL
0x00007ffc8aa40000 - 0x00007ffc8aa49000 	C:\WINDOWS\SYSTEM32\WSOCK32.dll
0x00007ffc89ae0000 - 0x00007ffc89b07000 	C:\WINDOWS\SYSTEM32\WINMM.dll
0x00007ffc99230000 - 0x00007ffc9929b000 	C:\WINDOWS\System32\WS2_32.dll
0x00007ffc8d430000 - 0x00007ffc8d43a000 	C:\WINDOWS\SYSTEM32\VERSION.dll
0x00007ffc96390000 - 0x00007ffc963a2000 	C:\WINDOWS\SYSTEM32\kernel.appcore.dll
0x00007ffc8edb0000 - 0x00007ffc8edc0000 	C:\Program Files\Java\jdk1.8.0_301\jre\bin\verify.dll
0x00007ffc6a080000 - 0x00007ffc6a0ab000 	C:\Program Files\Java\jdk1.8.0_301\jre\bin\java.dll
0x00007ffc8e530000 - 0x00007ffc8e548000 	C:\Program Files\Java\jdk1.8.0_301\jre\bin\zip.dll
0x00007ffc994c0000 - 0x00007ffc99c04000 	C:\WINDOWS\System32\SHELL32.dll
0x00007ffc95bb0000 - 0x00007ffc96344000 	C:\WINDOWS\SYSTEM32\windows.storage.dll
0x00007ffc99ff0000 - 0x00007ffc9a344000 	C:\WINDOWS\System32\combase.dll
0x00007ffc97450000 - 0x00007ffc9747c000 	C:\WINDOWS\SYSTEM32\Wldp.dll
0x00007ffc98d60000 - 0x00007ffc98e0d000 	C:\WINDOWS\System32\SHCORE.dll
0x00007ffc99400000 - 0x00007ffc99455000 	C:\WINDOWS\System32\shlwapi.dll
0x00007ffc979f0000 - 0x00007ffc97a0f000 	C:\WINDOWS\SYSTEM32\profapi.dll
0x00007ffc92c10000 - 0x00007ffc92c1d000 	C:\Program Files\Java\jdk1.8.0_301\jre\bin\management.dll
0x00007ffc6a060000 - 0x00007ffc6a07c000 	C:\Program Files\Java\jdk1.8.0_301\jre\bin\net.dll
0x00007ffc971b0000 - 0x00007ffc9721a000 	C:\WINDOWS\system32\mswsock.dll
0x00007ffc69e00000 - 0x00007ffc69e13000 	C:\Program Files\Java\jdk1.8.0_301\jre\bin\nio.dll
0x00007ffc84e40000 - 0x00007ffc84e57000 	C:\WINDOWS\system32\napinsp.dll
0x00007ffc82e00000 - 0x00007ffc82e1b000 	C:\WINDOWS\system32\pnrpnsp.dll
0x00007ffc91190000 - 0x00007ffc911a5000 	C:\WINDOWS\system32\wshbth.dll
0x00007ffc911b0000 - 0x00007ffc911cd000 	C:\WINDOWS\system32\NLAapi.dll
0x00007ffc96ea0000 - 0x00007ffc96edb000 	C:\WINDOWS\SYSTEM32\IPHLPAPI.DLL
0x00007ffc96ee0000 - 0x00007ffc96fab000 	C:\WINDOWS\SYSTEM32\DNSAPI.dll
0x00007ffc99cc0000 - 0x00007ffc99cc8000 	C:\WINDOWS\System32\NSI.dll
0x00007ffc82de0000 - 0x00007ffc82df2000 	C:\WINDOWS\System32\winrnr.dll
0x00007ffc90170000 - 0x00007ffc9017a000 	C:\Windows\System32\rasadhlp.dll
0x00007ffc8ccb0000 - 0x00007ffc8cd2f000 	C:\WINDOWS\System32\fwpuclnt.dll
0x00007ffc982e0000 - 0x00007ffc98307000 	C:\WINDOWS\System32\bcrypt.dll
0x00007ffc973a0000 - 0x00007ffc973b8000 	C:\WINDOWS\SYSTEM32\CRYPTSP.dll
0x00007ffc96b30000 - 0x00007ffc96b64000 	C:\WINDOWS\system32\rsaenh.dll
0x00007ffc97970000 - 0x00007ffc9799e000 	C:\WINDOWS\SYSTEM32\USERENV.dll
0x00007ffc97e70000 - 0x00007ffc97ef2000 	C:\WINDOWS\System32\bcryptprimitives.dll
0x00007ffc973c0000 - 0x00007ffc973cc000 	C:\WINDOWS\SYSTEM32\CRYPTBASE.dll
0x00007ffc90270000 - 0x00007ffc90287000 	C:\WINDOWS\SYSTEM32\dhcpcsvc6.DLL
0x00007ffc90880000 - 0x00007ffc9089d000 	C:\WINDOWS\SYSTEM32\dhcpcsvc.DLL
0x00007ffc8edd0000 - 0x00007ffc8edf4000 	C:\Program Files\Java\jdk1.8.0_301\jre\bin\sunec.dll
0x00007ffc8edc0000 - 0x00007ffc8edcd000 	C:\Program Files\Java\jdk1.8.0_301\jre\bin\sunmscapi.dll
0x00007ffc97b50000 - 0x00007ffc97ca6000 	C:\WINDOWS\System32\CRYPT32.dll
0x00007ffc974c0000 - 0x00007ffc974e7000 	C:\WINDOWS\SYSTEM32\ncrypt.dll
0x00007ffc97480000 - 0x00007ffc974bb000 	C:\WINDOWS\SYSTEM32\NTASN1.dll
0x00007ffc958c0000 - 0x00007ffc95aa4000 	C:\WINDOWS\SYSTEM32\dbghelp.dll

VM Arguments:
jvm_args: -Dcom.sun.management.jmxremote -Dcom.sun.management.jmxremote.port=50335 -Dcom.sun.management.jmxremote.authenticate=false -Dcom.sun.management.jmxremote.ssl=false -Djava.rmi.server.hostname=localhost -Dspring.jmx.enabled=true -Dspring.application.admin.enabled=true -Xverify:none -XX:TieredStopAtLevel=1 -Dspring.boot.project.name=flight_app -Dfile.encoding=UTF-8 
java_command: com.flight_app.FlightAppApplication --spring.output.ansi.enabled=always
java_class_path (initial): C:\Users\Administrator\Desktop\stsPract\flight_app\target\classes;C:\Users\Administrator\.m2\repository\org\springframework\boot\spring-boot-starter-data-jpa\2.6.6\spring-boot-starter-data-jpa-2.6.6.jar;C:\Users\Administrator\.m2\repository\org\springframework\boot\spring-boot-starter-aop\2.6.6\spring-boot-starter-aop-2.6.6.jar;C:\Users\Administrator\.m2\repository\org\springframework\spring-aop\5.3.18\spring-aop-5.3.18.jar;C:\Users\Administrator\.m2\repository\org\aspectj\aspectjweaver\1.9.7\aspectjweaver-1.9.7.jar;C:\Users\Administrator\.m2\repository\org\springframework\boot\spring-boot-starter-jdbc\2.6.6\spring-boot-starter-jdbc-2.6.6.jar;C:\Users\Administrator\.m2\repository\com\zaxxer\HikariCP\4.0.3\HikariCP-4.0.3.jar;C:\Users\Administrator\.m2\repository\org\springframework\spring-jdbc\5.3.18\spring-jdbc-5.3.18.jar;C:\Users\Administrator\.m2\repository\jakarta\transaction\jakarta.transaction-api\1.3.3\jakarta.transaction-api-1.3.3.jar;C:\Users\Administrator\.m2\repository\jakarta\persistence\jakarta.persistence-api\2.2.3\jakarta.persistence-api-2.2.3.jar;C:\Users\Administrator\.m2\repository\org\hibernate\hibernate-core\5.6.7.Final\hibernate-core-5.6.7.Final.jar;C:\Users\Administrator\.m2\repository\org\jboss\logging\jboss-logging\3.4.3.Final\jboss-logging-3.4.3.Final.jar;C:\Users\Administrator\.m2\repository\net\bytebuddy\byte-buddy\1.11.22\byte-buddy-1.11.22.jar;C:\Users\Administrator\.m2\repository\antlr\antlr\2.7.7\antlr-2.7.7.jar;C:\Users\Administrator\.m2\repository\org\jboss\jandex\2.4.2.Final\jandex-2.4.2.Final.jar;C:\Users\Administrator\.m2\repository\com\fasterxml\classmate\1.5.1\classmate-1.5.1.jar;C:\Users\Administrator\.m2\repository\org\hibernate\common\hibernate-commons-annotations\5.1.2.Final\hibernate-commons-annotations-5.1.2.Final.jar;C:\Users\Administrator\.m2\repository\org\glassfish\jaxb\jaxb-runtime\2.3.6\jaxb-runtime-2.3.6.jar;C:\Users\Administrator\.m2\repository\org\glassfish\jaxb\txw2\2.3.6\txw2-2.3.6.ja
Launcher Type: SUN_STANDARD

Environment Variables:
PATH=C:/Program Files/Java/jdk1.8.0_301/bin/../jre/bin/server;C:/Program Files/Java/jdk1.8.0_301/bin/../jre/bin;C:/Program Files/Java/jdk1.8.0_301/bin/../jre/lib/amd64;C:\Program Files\Java\jdk1.8.0_301\bin;C:\Program Files (x86)\Common Files\Oracle\Java\javapath;C:\Program Files (x86)\Intel\Intel(R) Management Engine Components\iCLS\;C:\Program Files\Intel\Intel(R) Management Engine Components\iCLS\;C:\WINDOWS\system32;C:\WINDOWS;C:\WINDOWS\System32\Wbem;C:\WINDOWS\System32\WindowsPowerShell\v1.0\;C:\WINDOWS\System32\OpenSSH\;C:\Program Files (x86)\Intel\Intel(R) Management Engine Components\DAL;C:\Program Files\Intel\Intel(R) Management Engine Components\DAL;C:\Program Files (x86)\Intel\Intel(R) Management Engine Components\IPT;C:\Program Files\Intel\Intel(R) Management Engine Components\IPT;C:\Program Files\Intel\WiFi\bin\;C:\Program Files\Common Files\Intel\WirelessCommon\;C:\Program Files\MySQL\MySQL Shell 8.0\bin\;C:\Users\Administrator\AppData\Local\Microsoft\WindowsApps;;C:\Users\Administrator\AppData\Local\Programs\Microsoft VS Code\bin;C:\Users\Administrator\Downloads\sts\sts-4.7.2.RELEASE;
USERNAME=Administrator
OS=Windows_NT
PROCESSOR_IDENTIFIER=Intel64 Family 6 Model 142 Stepping 9, GenuineIntel



---------------  S Y S T E M  ---------------

OS: Windows 10.0 , 64 bit Build 19041 (10.0.19041.1645)

CPU:total 4 (initial active 4) (2 cores per cpu, 2 threads per core) family 6 model 142 stepping 9, cmov, cx8, fxsr, mmx, sse, sse2, sse3, ssse3, sse4.1, sse4.2, popcnt, avx, avx2, aes, clmul, erms, 3dnowpref, lzcnt, ht, tsc, tscinvbit, bmi1, bmi2, adx

Memory: 4k page, physical 4057128k(274344k free), swap 5481512k(692k free)

vm_info: Java HotSpot(TM) 64-Bit Server VM (25.301-b09) for windows-amd64 JRE (1.8.0_301-b09), built on Jun  9 2021 06:46:21 by "java_re" with MS VC++ 15.9 (VS2017)

time: Fri Apr 22 11:48:52 2022
timezone: India Standard Time
elapsed time: 199.396403 seconds (0d 0h 3m 19s)

